;  LST file generated by mikroListExporter - v.2.0 
; Date/Time: 3/31/2024 3:14:27 PM
;----------------------------------------------

;Address Opcode 	ASM
0x0000	0xF000EF8F  	GOTO        286
0x0004	0x0000      	NOP
0x0006	0x0000      	NOP
0x0008	0xF000EF00  	GOTO        0
0x000C	0x0000      	NOP
0x000E	0x0000      	NOP
0x0010	0x0000      	NOP
0x0012	0x0000      	NOP
0x0014	0x0000      	NOP
0x0016	0x0000      	NOP
0x0018	0xD7F3      	BRA         0
_Delay_500us:
;__Lib_Delays.c,27 :: 		void Delay_500us() {
;__Lib_Delays.c,28 :: 		Delay_us(498);
0x001C	0x0E04      	MOVLW       4
0x001E	0x6E0C      	MOVWF       R12, 0
0x0020	0x0E3A      	MOVLW       58
0x0022	0x6E0D      	MOVWF       R13, 0
L_Delay_500us4:
0x0024	0x2E0D      	DECFSZ      R13, 1, 0
0x0026	0xD7FE      	BRA         L_Delay_500us4
0x0028	0x2E0C      	DECFSZ      R12, 1, 0
0x002A	0xD7FC      	BRA         L_Delay_500us4
0x002C	0x0000      	NOP
;__Lib_Delays.c,29 :: 		}
L_end_Delay_500us:
0x002E	0x0012      	RETURN      0
; end of _Delay_500us
_Button:
;__Lib_Button.c,6 :: 		
;__Lib_Button.c,8 :: 		
0x0030	0x6A2D      	CLRF        Button_rslt_L0 
;__Lib_Button.c,11 :: 		
0x0032	0xF001C029  	MOVFF       FARG_Button_pin, R1
0x0036	0x0E01      	MOVLW       1
0x0038	0x6E00      	MOVWF       R0 
0x003A	0x5001      	MOVF        R1, 0 
L__Button5:
0x003C	0xE004      	BZ          L__Button6
0x003E	0x3600      	RLCF        R0, 1 
0x0040	0x9000      	BCF         R0, 0 
0x0042	0x0FFF      	ADDLW       255
0x0044	0xD7FB      	BRA         L__Button5
L__Button6:
0x0046	0xF02CC000  	MOVFF       R0, Button_pMask_L0
;__Lib_Button.c,13 :: 		
0x004A	0xFFE9C027  	MOVFF       FARG_Button_port, FSR0L
0x004E	0xFFEAC028  	MOVFF       FARG_Button_port+1, FSR0H
0x0052	0x5000      	MOVF        R0, 0 
0x0054	0x14EE      	ANDWF       POSTINC0, 0 
0x0056	0x6E01      	MOVWF       R1 
0x0058	0x5201      	MOVF        R1, 1 
0x005A	0x0E01      	MOVLW       1
0x005C	0xA4D8      	BTFSS       STATUS, 2 
0x005E	0x0E00      	MOVLW       0
0x0060	0x6E00      	MOVWF       R0 
0x0062	0x502B      	MOVF        FARG_Button_active_state, 0 
0x0064	0x1A00      	XORWF       R0, 1 
0x0066	0xE018      	BZ          L_Button0
;__Lib_Button.c,15 :: 		
L_Button1:
0x0068	0x502A      	MOVF        FARG_Button_time_ms, 0 
0x006A	0x0800      	SUBLW       0
0x006C	0xE204      	BC          L_Button2
;__Lib_Button.c,16 :: 		
0x006E	0xDFD6      	RCALL       _Delay_500us
;__Lib_Button.c,17 :: 		
0x0070	0xDFD5      	RCALL       _Delay_500us
;__Lib_Button.c,18 :: 		
0x0072	0x062A      	DECF        FARG_Button_time_ms, 1 
;__Lib_Button.c,19 :: 		
0x0074	0xD7F9      	BRA         L_Button1
L_Button2:
;__Lib_Button.c,21 :: 		
0x0076	0xFFE9C027  	MOVFF       FARG_Button_port, FSR0L
0x007A	0xFFEAC028  	MOVFF       FARG_Button_port+1, FSR0H
0x007E	0x502C      	MOVF        Button_pMask_L0, 0 
0x0080	0x14EE      	ANDWF       POSTINC0, 0 
0x0082	0x6E01      	MOVWF       R1 
0x0084	0x5201      	MOVF        R1, 1 
0x0086	0x0E01      	MOVLW       1
0x0088	0xA4D8      	BTFSS       STATUS, 2 
0x008A	0x0E00      	MOVLW       0
0x008C	0x6E00      	MOVWF       R0 
0x008E	0x502B      	MOVF        FARG_Button_active_state, 0 
0x0090	0x1A00      	XORWF       R0, 1 
0x0092	0xE002      	BZ          L_Button3
;__Lib_Button.c,22 :: 		
0x0094	0x0EFF      	MOVLW       255
0x0096	0x6E2D      	MOVWF       Button_rslt_L0 
L_Button3:
;__Lib_Button.c,23 :: 		
L_Button0:
;__Lib_Button.c,25 :: 		
0x0098	0xF000C02D  	MOVFF       Button_rslt_L0, R0
;__Lib_Button.c,26 :: 		
L_end_Button:
0x009C	0x0012      	RETURN      0
; end of _Button
_UART1_Write:
;__Lib_UART_c67.c,58 :: 		
;__Lib_UART_c67.c,59 :: 		
L_UART1_Write3:
0x009E	0xB2AC      	BTFSC       TXSTA, 1 
0x00A0	0xD002      	BRA         L_UART1_Write4
;__Lib_UART_c67.c,60 :: 		
0x00A2	0x0000      	NOP
0x00A4	0xD7FC      	BRA         L_UART1_Write3
L_UART1_Write4:
;__Lib_UART_c67.c,61 :: 		
0x00A6	0xFFADC027  	MOVFF       FARG_UART1_Write_data_, TXREG
;__Lib_UART_c67.c,62 :: 		
L_end_UART1_Write:
0x00AA	0x0012      	RETURN      0
; end of _UART1_Write
_UART1_Read:
;__Lib_UART_c67.c,39 :: 		
;__Lib_UART_c67.c,42 :: 		
0x00AC	0xF001CFAE  	MOVFF       RCREG, R1
;__Lib_UART_c67.c,43 :: 		
0x00B0	0xA2AB      	BTFSS       RCSTA, 1 
0x00B2	0xD002      	BRA         L_UART1_Read2
;__Lib_UART_c67.c,44 :: 		
0x00B4	0x98AB      	BCF         RCSTA, 4 
;__Lib_UART_c67.c,45 :: 		
0x00B6	0x88AB      	BSF         RCSTA, 4 
;__Lib_UART_c67.c,46 :: 		
L_UART1_Read2:
;__Lib_UART_c67.c,47 :: 		
0x00B8	0xF000C001  	MOVFF       R1, R0
;__Lib_UART_c67.c,48 :: 		
L_end_UART1_Read:
0x00BC	0x0012      	RETURN      0
; end of _UART1_Read
_UART1_Init:
;__Lib_UART_c67.c,15 :: 		
;__Lib_UART_c67.c,18 :: 		
0x00BE	0x0E9E      	MOVLW       _UART1_Write
0x00C0	0x6E15      	MOVWF       _UART_Wr_Ptr 
0x00C2	0x0E00      	MOVLW       hi_addr(_UART1_Write)
0x00C4	0x6E16      	MOVWF       _UART_Wr_Ptr+1 
0x00C6	0x0E27      	MOVLW       FARG_UART1_Write_data_
0x00C8	0x6E17      	MOVWF       _UART_Wr_Ptr+2 
0x00CA	0x0E00      	MOVLW       hi_addr(FARG_UART1_Write_data_)
0x00CC	0x6E18      	MOVWF       _UART_Wr_Ptr+3 
;__Lib_UART_c67.c,19 :: 		
0x00CE	0x0EAC      	MOVLW       _UART1_Read
0x00D0	0x6E23      	MOVWF       _UART_Rd_Ptr 
0x00D2	0x0E00      	MOVLW       hi_addr(_UART1_Read)
0x00D4	0x6E24      	MOVWF       _UART_Rd_Ptr+1 
0x00D6	0x0E00      	MOVLW       0
0x00D8	0x6E25      	MOVWF       _UART_Rd_Ptr+2 
0x00DA	0x0E00      	MOVLW       0
0x00DC	0x6E26      	MOVWF       _UART_Rd_Ptr+3 
;__Lib_UART_c67.c,20 :: 		
0x00DE	0x0E14      	MOVLW       _UART1_Data_Ready
0x00E0	0x6E1F      	MOVWF       _UART_Rdy_Ptr 
0x00E2	0x0E01      	MOVLW       hi_addr(_UART1_Data_Ready)
0x00E4	0x6E20      	MOVWF       _UART_Rdy_Ptr+1 
0x00E6	0x0E00      	MOVLW       0
0x00E8	0x6E21      	MOVWF       _UART_Rdy_Ptr+2 
0x00EA	0x0E00      	MOVLW       0
0x00EC	0x6E22      	MOVWF       _UART_Rdy_Ptr+3 
;__Lib_UART_c67.c,21 :: 		
0x00EE	0x0EFF      	MOVLW       _UART1_Tx_Idle
0x00F0	0x6E1B      	MOVWF       _UART_Tx_Idle_Ptr 
0x00F2	0x0EFF      	MOVLW       hi_addr(_UART1_Tx_Idle)
0x00F4	0x6E1C      	MOVWF       _UART_Tx_Idle_Ptr+1 
0x00F6	0x0E00      	MOVLW       0
0x00F8	0x6E1D      	MOVWF       _UART_Tx_Idle_Ptr+2 
0x00FA	0x0E00      	MOVLW       0
0x00FC	0x6E1E      	MOVWF       _UART_Tx_Idle_Ptr+3 
;__Lib_UART_c67.c,23 :: 		
0x00FE	0x8AAC      	BSF         TXSTA, 5 
;__Lib_UART_c67.c,24 :: 		
0x0100	0x0E90      	MOVLW       144
0x0102	0x6EAB      	MOVWF       RCSTA 
;__Lib_UART_c67.c,25 :: 		
0x0104	0x8E94      	BSF         TRISC7_bit, BitPos(TRISC7_bit+0) 
;__Lib_UART_c67.c,26 :: 		
0x0106	0x9C94      	BCF         TRISC6_bit, BitPos(TRISC6_bit+0) 
;__Lib_UART_c67.c,28 :: 		
L_UART1_Init0:
0x0108	0xAA9E      	BTFSS       PIR1, 5 
0x010A	0xD003      	BRA         L_UART1_Init1
;__Lib_UART_c67.c,29 :: 		
0x010C	0xF000CFAE  	MOVFF       RCREG, R0
0x0110	0xD7FB      	BRA         L_UART1_Init0
L_UART1_Init1:
;__Lib_UART_c67.c,30 :: 		
L_end_UART1_Init:
0x0112	0x0012      	RETURN      0
; end of _UART1_Init
_UART1_Data_Ready:
;__Lib_UART_c67.c,34 :: 		
;__Lib_UART_c67.c,35 :: 		
0x0114	0x0E00      	MOVLW       0
0x0116	0xBA9E      	BTFSC       PIR1, 5 
0x0118	0x0E01      	MOVLW       1
0x011A	0x6E00      	MOVWF       R0 
;__Lib_UART_c67.c,36 :: 		
L_end_UART1_Data_Ready:
0x011C	0x0012      	RETURN      0
; end of _UART1_Data_Ready
_main:
;bluetooth.c,3 :: 		void main()
;bluetooth.c,5 :: 		ADCON1=0X0F;
0x011E	0x0E0F      	MOVLW       15
0x0120	0x6EC1      	MOVWF       ADCON1 
;bluetooth.c,6 :: 		CMCON=0X00;
0x0122	0x6AB4      	CLRF        CMCON 
;bluetooth.c,8 :: 		TRISB = 0XFF;
0x0124	0x0EFF      	MOVLW       255
0x0126	0x6E93      	MOVWF       TRISB 
;bluetooth.c,9 :: 		PORTB = 0X00; LATB = 0X00;
0x0128	0x6A81      	CLRF        PORTB 
0x012A	0x6A8A      	CLRF        LATB 
;bluetooth.c,11 :: 		TRISC = 0XFF;
0x012C	0x0EFF      	MOVLW       255
0x012E	0x6E94      	MOVWF       TRISC 
;bluetooth.c,12 :: 		PORTC = 0X00; LATC = 0X00;
0x0130	0x6A82      	CLRF        PORTC 
0x0132	0x6A8B      	CLRF        LATC 
;bluetooth.c,14 :: 		TRISE = 0X00;
0x0134	0x6A96      	CLRF        TRISE 
;bluetooth.c,15 :: 		PORTE = 0X00; LATE = 0X00;
0x0136	0x6A84      	CLRF        PORTE 
0x0138	0x6A8D      	CLRF        LATE 
;bluetooth.c,17 :: 		TRISD = 0X00;
0x013A	0x6A95      	CLRF        TRISD 
;bluetooth.c,18 :: 		PORTD = 0X00; LATD = 0X00;
0x013C	0x6A83      	CLRF        PORTD 
0x013E	0x6A8C      	CLRF        LATD 
;bluetooth.c,20 :: 		LATE0_bit = 1;
0x0140	0x808D      	BSF         LATE0_bit, BitPos(LATE0_bit+0) 
;bluetooth.c,21 :: 		LATD0_bit = 1;
0x0142	0x808C      	BSF         LATD0_bit, BitPos(LATD0_bit+0) 
;bluetooth.c,22 :: 		LATD1_bit = 1;
0x0144	0x828C      	BSF         LATD1_bit, BitPos(LATD1_bit+0) 
;bluetooth.c,24 :: 		UART1_Init(9600);
0x0146	0x86B8      	BSF         BAUDCON, 3, 0
0x0148	0x0E02      	MOVLW       2
0x014A	0x6EB0      	MOVWF       SPBRGH 
0x014C	0x0E08      	MOVLW       8
0x014E	0x6EAF      	MOVWF       SPBRG 
0x0150	0x84AC      	BSF         TXSTA, 2, 0
0x0152	0xDFB5      	RCALL       _UART1_Init
;bluetooth.c,25 :: 		delay_ms(100);
0x0154	0x0E03      	MOVLW       3
0x0156	0x6E0B      	MOVWF       R11, 0
0x0158	0x0E8A      	MOVLW       138
0x015A	0x6E0C      	MOVWF       R12, 0
0x015C	0x0E55      	MOVLW       85
0x015E	0x6E0D      	MOVWF       R13, 0
L_main0:
0x0160	0x2E0D      	DECFSZ      R13, 1, 0
0x0162	0xD7FE      	BRA         L_main0
0x0164	0x2E0C      	DECFSZ      R12, 1, 0
0x0166	0xD7FC      	BRA         L_main0
0x0168	0x2E0B      	DECFSZ      R11, 1, 0
0x016A	0xD7FA      	BRA         L_main0
0x016C	0x0000      	NOP
0x016E	0x0000      	NOP
;bluetooth.c,27 :: 		while(1)
L_main1:
;bluetooth.c,29 :: 		if(UART1_Data_Ready() == 1)
0x0170	0xDFD1      	RCALL       _UART1_Data_Ready
0x0172	0x5000      	MOVF        R0, 0 
0x0174	0x0A01      	XORLW       1
0x0176	0xA4D8      	BTFSS       STATUS, 2 
0x0178	0xD081      	BRA         L_main3
;bluetooth.c,31 :: 		Receive = UART1_Read();
0x017A	0xDF98      	RCALL       _UART1_Read
0x017C	0xF01AC000  	MOVFF       R0, _Receive
;bluetooth.c,32 :: 		if(Receive == 'O'&& Button(&PORTC, 2, 1, 1) && LATD0_BIT == 1)  // openok mo
0x0180	0x5000      	MOVF        R0, 0 
0x0182	0x0A4F      	XORLW       79
0x0184	0xE117      	BNZ         L_main6
0x0186	0x0E82      	MOVLW       PORTC
0x0188	0x6E27      	MOVWF       FARG_Button_port 
0x018A	0x0E0F      	MOVLW       hi_addr(PORTC)
0x018C	0x6E28      	MOVWF       FARG_Button_port+1 
0x018E	0x0E02      	MOVLW       2
0x0190	0x6E29      	MOVWF       FARG_Button_pin 
0x0192	0x0E01      	MOVLW       1
0x0194	0x6E2A      	MOVWF       FARG_Button_time_ms 
0x0196	0x0E01      	MOVLW       1
0x0198	0x6E2B      	MOVWF       FARG_Button_active_state 
0x019A	0xDF4A      	RCALL       _Button
0x019C	0x5200      	MOVF        R0, 1 
0x019E	0xE00A      	BZ          L_main6
0x01A0	0xA08C      	BTFSS       LATD0_bit, BitPos(LATD0_bit+0) 
0x01A2	0xD008      	BRA         L_main6
L__main62:
;bluetooth.c,34 :: 		LATD1_BIT = 0;  //quay thuan
0x01A4	0x928C      	BCF         LATD1_bit, BitPos(LATD1_bit+0) 
;bluetooth.c,35 :: 		LATD0_BIT = 0;
0x01A6	0x908C      	BCF         LATD0_bit, BitPos(LATD0_bit+0) 
;bluetooth.c,36 :: 		Transmit = 'o';
0x01A8	0x0E6F      	MOVLW       111
0x01AA	0x6E19      	MOVWF       _Transmit 
;bluetooth.c,37 :: 		UART1_Write(Transmit);
0x01AC	0x0E6F      	MOVLW       111
0x01AE	0x6E27      	MOVWF       FARG_UART1_Write_data_ 
0x01B0	0xDF76      	RCALL       _UART1_Write
;bluetooth.c,38 :: 		}
0x01B2	0xD022      	BRA         L_main7
L_main6:
;bluetooth.c,39 :: 		else if(Receive == 'C'&& Button(&PORTC, 0, 1, 1) && LATD0_BIT == 1)  //closeok mo
0x01B4	0x501A      	MOVF        _Receive, 0 
0x01B6	0x0A43      	XORLW       67
0x01B8	0xE116      	BNZ         L_main10
0x01BA	0x0E82      	MOVLW       PORTC
0x01BC	0x6E27      	MOVWF       FARG_Button_port 
0x01BE	0x0E0F      	MOVLW       hi_addr(PORTC)
0x01C0	0x6E28      	MOVWF       FARG_Button_port+1 
0x01C2	0x6A29      	CLRF        FARG_Button_pin 
0x01C4	0x0E01      	MOVLW       1
0x01C6	0x6E2A      	MOVWF       FARG_Button_time_ms 
0x01C8	0x0E01      	MOVLW       1
0x01CA	0x6E2B      	MOVWF       FARG_Button_active_state 
0x01CC	0xDF31      	RCALL       _Button
0x01CE	0x5200      	MOVF        R0, 1 
0x01D0	0xE00A      	BZ          L_main10
0x01D2	0xA08C      	BTFSS       LATD0_bit, BitPos(LATD0_bit+0) 
0x01D4	0xD008      	BRA         L_main10
L__main61:
;bluetooth.c,41 :: 		LATD1_BIT = 1;  //quay nguoc
0x01D6	0x828C      	BSF         LATD1_bit, BitPos(LATD1_bit+0) 
;bluetooth.c,42 :: 		LATD0_BIT = 0;
0x01D8	0x908C      	BCF         LATD0_bit, BitPos(LATD0_bit+0) 
;bluetooth.c,43 :: 		Transmit = 'c';
0x01DA	0x0E63      	MOVLW       99
0x01DC	0x6E19      	MOVWF       _Transmit 
;bluetooth.c,44 :: 		UART1_Write(Transmit);
0x01DE	0x0E63      	MOVLW       99
0x01E0	0x6E27      	MOVWF       FARG_UART1_Write_data_ 
0x01E2	0xDF5D      	RCALL       _UART1_Write
;bluetooth.c,45 :: 		}
0x01E4	0xD009      	BRA         L_main11
L_main10:
;bluetooth.c,46 :: 		else if(Receive == 'S')    //stop
0x01E6	0x501A      	MOVF        _Receive, 0 
0x01E8	0x0A53      	XORLW       83
0x01EA	0xE106      	BNZ         L_main12
;bluetooth.c,48 :: 		LATD0_BIT = 1;
0x01EC	0x808C      	BSF         LATD0_bit, BitPos(LATD0_bit+0) 
;bluetooth.c,49 :: 		Transmit = 's';
0x01EE	0x0E73      	MOVLW       115
0x01F0	0x6E19      	MOVWF       _Transmit 
;bluetooth.c,50 :: 		UART1_Write(Transmit);
0x01F2	0x0E73      	MOVLW       115
0x01F4	0x6E27      	MOVWF       FARG_UART1_Write_data_ 
0x01F6	0xDF53      	RCALL       _UART1_Write
;bluetooth.c,51 :: 		}
L_main12:
L_main11:
L_main7:
;bluetooth.c,52 :: 		if(LATD0_BIT == 0 && LATD1_bit == 0)   //motor dang mo
0x01F8	0xB08C      	BTFSC       LATD0_bit, BitPos(LATD0_bit+0) 
0x01FA	0xD01F      	BRA         L_main15
0x01FC	0xB28C      	BTFSC       LATD1_bit, BitPos(LATD1_bit+0) 
0x01FE	0xD01D      	BRA         L_main15
L__main60:
;bluetooth.c,54 :: 		if(Receive == 'C')
0x0200	0x501A      	MOVF        _Receive, 0 
0x0202	0x0A43      	XORLW       67
0x0204	0xE11A      	BNZ         L_main16
;bluetooth.c,56 :: 		LATE0_BIT = 1;   //den canh bao
0x0206	0x808D      	BSF         LATE0_bit, BitPos(LATE0_bit+0) 
;bluetooth.c,57 :: 		LATD0_bit = 1;
0x0208	0x808C      	BSF         LATD0_bit, BitPos(LATD0_bit+0) 
;bluetooth.c,58 :: 		Transmit = 's';
0x020A	0x0E73      	MOVLW       115
0x020C	0x6E19      	MOVWF       _Transmit 
;bluetooth.c,59 :: 		UART1_Write(Transmit);
0x020E	0x0E73      	MOVLW       115
0x0210	0x6E27      	MOVWF       FARG_UART1_Write_data_ 
0x0212	0xDF45      	RCALL       _UART1_Write
;bluetooth.c,60 :: 		delay_ms(7000);
0x0214	0x0EB2      	MOVLW       178
0x0216	0x6E0B      	MOVWF       R11, 0
0x0218	0x0E8F      	MOVLW       143
0x021A	0x6E0C      	MOVWF       R12, 0
0x021C	0x0E13      	MOVLW       19
0x021E	0x6E0D      	MOVWF       R13, 0
L_main17:
0x0220	0x2E0D      	DECFSZ      R13, 1, 0
0x0222	0xD7FE      	BRA         L_main17
0x0224	0x2E0C      	DECFSZ      R12, 1, 0
0x0226	0xD7FC      	BRA         L_main17
0x0228	0x2E0B      	DECFSZ      R11, 1, 0
0x022A	0xD7FA      	BRA         L_main17
;bluetooth.c,61 :: 		LATD1_BIT = 1;  //quay nguoc
0x022C	0x828C      	BSF         LATD1_bit, BitPos(LATD1_bit+0) 
;bluetooth.c,62 :: 		Transmit = 'c';
0x022E	0x0E63      	MOVLW       99
0x0230	0x6E19      	MOVWF       _Transmit 
;bluetooth.c,63 :: 		UART1_Write(Transmit);
0x0232	0x0E63      	MOVLW       99
0x0234	0x6E27      	MOVWF       FARG_UART1_Write_data_ 
0x0236	0xDF33      	RCALL       _UART1_Write
;bluetooth.c,64 :: 		LATD0_BIT = 0;
0x0238	0x908C      	BCF         LATD0_bit, BitPos(LATD0_bit+0) 
;bluetooth.c,65 :: 		}
L_main16:
;bluetooth.c,66 :: 		}
L_main15:
;bluetooth.c,67 :: 		if(LATD0_BIT == 0 && LATD1_bit == 1)  //motor dang dong
0x023A	0xB08C      	BTFSC       LATD0_bit, BitPos(LATD0_bit+0) 
0x023C	0xD01F      	BRA         L_main20
0x023E	0xA28C      	BTFSS       LATD1_bit, BitPos(LATD1_bit+0) 
0x0240	0xD01D      	BRA         L_main20
L__main59:
;bluetooth.c,69 :: 		if(Receive == 'O')
0x0242	0x501A      	MOVF        _Receive, 0 
0x0244	0x0A4F      	XORLW       79
0x0246	0xE11A      	BNZ         L_main21
;bluetooth.c,71 :: 		LATE0_BIT = 1;
0x0248	0x808D      	BSF         LATE0_bit, BitPos(LATE0_bit+0) 
;bluetooth.c,72 :: 		LATD0_bit = 1;
0x024A	0x808C      	BSF         LATD0_bit, BitPos(LATD0_bit+0) 
;bluetooth.c,73 :: 		Transmit = 's';
0x024C	0x0E73      	MOVLW       115
0x024E	0x6E19      	MOVWF       _Transmit 
;bluetooth.c,74 :: 		UART1_Write(Transmit);
0x0250	0x0E73      	MOVLW       115
0x0252	0x6E27      	MOVWF       FARG_UART1_Write_data_ 
0x0254	0xDF24      	RCALL       _UART1_Write
;bluetooth.c,75 :: 		delay_ms(7000);
0x0256	0x0EB2      	MOVLW       178
0x0258	0x6E0B      	MOVWF       R11, 0
0x025A	0x0E8F      	MOVLW       143
0x025C	0x6E0C      	MOVWF       R12, 0
0x025E	0x0E13      	MOVLW       19
0x0260	0x6E0D      	MOVWF       R13, 0
L_main22:
0x0262	0x2E0D      	DECFSZ      R13, 1, 0
0x0264	0xD7FE      	BRA         L_main22
0x0266	0x2E0C      	DECFSZ      R12, 1, 0
0x0268	0xD7FC      	BRA         L_main22
0x026A	0x2E0B      	DECFSZ      R11, 1, 0
0x026C	0xD7FA      	BRA         L_main22
;bluetooth.c,76 :: 		LATD1_BIT = 0;
0x026E	0x928C      	BCF         LATD1_bit, BitPos(LATD1_bit+0) 
;bluetooth.c,77 :: 		LATD0_BIT = 0;
0x0270	0x908C      	BCF         LATD0_bit, BitPos(LATD0_bit+0) 
;bluetooth.c,78 :: 		Transmit = 'o';
0x0272	0x0E6F      	MOVLW       111
0x0274	0x6E19      	MOVWF       _Transmit 
;bluetooth.c,79 :: 		UART1_Write(Transmit);
0x0276	0x0E6F      	MOVLW       111
0x0278	0x6E27      	MOVWF       FARG_UART1_Write_data_ 
0x027A	0xDF11      	RCALL       _UART1_Write
;bluetooth.c,80 :: 		}
L_main21:
;bluetooth.c,81 :: 		}
L_main20:
;bluetooth.c,82 :: 		}
L_main3:
;bluetooth.c,83 :: 		if(Button(&PORTB, 2, 1, 0))    //stop
0x027C	0x0E81      	MOVLW       PORTB
0x027E	0x6E27      	MOVWF       FARG_Button_port 
0x0280	0x0E0F      	MOVLW       hi_addr(PORTB)
0x0282	0x6E28      	MOVWF       FARG_Button_port+1 
0x0284	0x0E02      	MOVLW       2
0x0286	0x6E29      	MOVWF       FARG_Button_pin 
0x0288	0x0E01      	MOVLW       1
0x028A	0x6E2A      	MOVWF       FARG_Button_time_ms 
0x028C	0x6A2B      	CLRF        FARG_Button_active_state 
0x028E	0xDED0      	RCALL       _Button
0x0290	0x5200      	MOVF        R0, 1 
0x0292	0xE01F      	BZ          L_main23
;bluetooth.c,85 :: 		while(Button(&PORTB, 2, 1, 0)){}
L_main24:
0x0294	0x0E81      	MOVLW       PORTB
0x0296	0x6E27      	MOVWF       FARG_Button_port 
0x0298	0x0E0F      	MOVLW       hi_addr(PORTB)
0x029A	0x6E28      	MOVWF       FARG_Button_port+1 
0x029C	0x0E02      	MOVLW       2
0x029E	0x6E29      	MOVWF       FARG_Button_pin 
0x02A0	0x0E01      	MOVLW       1
0x02A2	0x6E2A      	MOVWF       FARG_Button_time_ms 
0x02A4	0x6A2B      	CLRF        FARG_Button_active_state 
0x02A6	0xDEC4      	RCALL       _Button
0x02A8	0x5200      	MOVF        R0, 1 
0x02AA	0xE001      	BZ          L_main25
0x02AC	0xD7F3      	BRA         L_main24
L_main25:
;bluetooth.c,86 :: 		LATD0_BIT = 1;
0x02AE	0x808C      	BSF         LATD0_bit, BitPos(LATD0_bit+0) 
;bluetooth.c,87 :: 		Transmit = 's';
0x02B0	0x0E73      	MOVLW       115
0x02B2	0x6E19      	MOVWF       _Transmit 
;bluetooth.c,88 :: 		UART1_Write(Transmit);
0x02B4	0x0E73      	MOVLW       115
0x02B6	0x6E27      	MOVWF       FARG_UART1_Write_data_ 
0x02B8	0xDEF2      	RCALL       _UART1_Write
;bluetooth.c,89 :: 		delay_ms(7000);
0x02BA	0x0EB2      	MOVLW       178
0x02BC	0x6E0B      	MOVWF       R11, 0
0x02BE	0x0E8F      	MOVLW       143
0x02C0	0x6E0C      	MOVWF       R12, 0
0x02C2	0x0E13      	MOVLW       19
0x02C4	0x6E0D      	MOVWF       R13, 0
L_main26:
0x02C6	0x2E0D      	DECFSZ      R13, 1, 0
0x02C8	0xD7FE      	BRA         L_main26
0x02CA	0x2E0C      	DECFSZ      R12, 1, 0
0x02CC	0xD7FC      	BRA         L_main26
0x02CE	0x2E0B      	DECFSZ      R11, 1, 0
0x02D0	0xD7FA      	BRA         L_main26
;bluetooth.c,90 :: 		}
L_main23:
;bluetooth.c,91 :: 		if(Button(&PORTB, 0, 1, 0) && Button(&PORTC, 2, 1, 1) && LATD0_BIT == 1)  //open, openok, motor dung
0x02D2	0x0E81      	MOVLW       PORTB
0x02D4	0x6E27      	MOVWF       FARG_Button_port 
0x02D6	0x0E0F      	MOVLW       hi_addr(PORTB)
0x02D8	0x6E28      	MOVWF       FARG_Button_port+1 
0x02DA	0x6A29      	CLRF        FARG_Button_pin 
0x02DC	0x0E01      	MOVLW       1
0x02DE	0x6E2A      	MOVWF       FARG_Button_time_ms 
0x02E0	0x6A2B      	CLRF        FARG_Button_active_state 
0x02E2	0xDEA6      	RCALL       _Button
0x02E4	0x5200      	MOVF        R0, 1 
0x02E6	0xE022      	BZ          L_main29
0x02E8	0x0E82      	MOVLW       PORTC
0x02EA	0x6E27      	MOVWF       FARG_Button_port 
0x02EC	0x0E0F      	MOVLW       hi_addr(PORTC)
0x02EE	0x6E28      	MOVWF       FARG_Button_port+1 
0x02F0	0x0E02      	MOVLW       2
0x02F2	0x6E29      	MOVWF       FARG_Button_pin 
0x02F4	0x0E01      	MOVLW       1
0x02F6	0x6E2A      	MOVWF       FARG_Button_time_ms 
0x02F8	0x0E01      	MOVLW       1
0x02FA	0x6E2B      	MOVWF       FARG_Button_active_state 
0x02FC	0xDE99      	RCALL       _Button
0x02FE	0x5200      	MOVF        R0, 1 
0x0300	0xE015      	BZ          L_main29
0x0302	0xA08C      	BTFSS       LATD0_bit, BitPos(LATD0_bit+0) 
0x0304	0xD013      	BRA         L_main29
L__main58:
;bluetooth.c,93 :: 		while(Button(&PORTB, 0, 1, 0)){}
L_main30:
0x0306	0x0E81      	MOVLW       PORTB
0x0308	0x6E27      	MOVWF       FARG_Button_port 
0x030A	0x0E0F      	MOVLW       hi_addr(PORTB)
0x030C	0x6E28      	MOVWF       FARG_Button_port+1 
0x030E	0x6A29      	CLRF        FARG_Button_pin 
0x0310	0x0E01      	MOVLW       1
0x0312	0x6E2A      	MOVWF       FARG_Button_time_ms 
0x0314	0x6A2B      	CLRF        FARG_Button_active_state 
0x0316	0xDE8C      	RCALL       _Button
0x0318	0x5200      	MOVF        R0, 1 
0x031A	0xE001      	BZ          L_main31
0x031C	0xD7F4      	BRA         L_main30
L_main31:
;bluetooth.c,94 :: 		LATD1_BIT = 0;
0x031E	0x928C      	BCF         LATD1_bit, BitPos(LATD1_bit+0) 
;bluetooth.c,95 :: 		LATD0_BIT = 0;
0x0320	0x908C      	BCF         LATD0_bit, BitPos(LATD0_bit+0) 
;bluetooth.c,96 :: 		Transmit = 'o';
0x0322	0x0E6F      	MOVLW       111
0x0324	0x6E19      	MOVWF       _Transmit 
;bluetooth.c,97 :: 		UART1_Write(Transmit);
0x0326	0x0E6F      	MOVLW       111
0x0328	0x6E27      	MOVWF       FARG_UART1_Write_data_ 
0x032A	0xDEB9      	RCALL       _UART1_Write
;bluetooth.c,98 :: 		}
L_main29:
;bluetooth.c,99 :: 		while(LATD0_bit == 0)
L_main32:
0x032C	0xB08C      	BTFSC       LATD0_bit, BitPos(LATD0_bit+0) 
0x032E	0xD05F      	BRA         L_main33
;bluetooth.c,101 :: 		LATE0_BIT = 0;
0x0330	0x908D      	BCF         LATE0_bit, BitPos(LATE0_bit+0) 
;bluetooth.c,102 :: 		delay_ms(300);
0x0332	0x0E08      	MOVLW       8
0x0334	0x6E0B      	MOVWF       R11, 0
0x0336	0x0E9D      	MOVLW       157
0x0338	0x6E0C      	MOVWF       R12, 0
0x033A	0x0E05      	MOVLW       5
0x033C	0x6E0D      	MOVWF       R13, 0
L_main34:
0x033E	0x2E0D      	DECFSZ      R13, 1, 0
0x0340	0xD7FE      	BRA         L_main34
0x0342	0x2E0C      	DECFSZ      R12, 1, 0
0x0344	0xD7FC      	BRA         L_main34
0x0346	0x2E0B      	DECFSZ      R11, 1, 0
0x0348	0xD7FA      	BRA         L_main34
0x034A	0x0000      	NOP
0x034C	0x0000      	NOP
;bluetooth.c,103 :: 		LATE0_BIT = 1;
0x034E	0x808D      	BSF         LATE0_bit, BitPos(LATE0_bit+0) 
;bluetooth.c,104 :: 		delay_ms(300);
0x0350	0x0E08      	MOVLW       8
0x0352	0x6E0B      	MOVWF       R11, 0
0x0354	0x0E9D      	MOVLW       157
0x0356	0x6E0C      	MOVWF       R12, 0
0x0358	0x0E05      	MOVLW       5
0x035A	0x6E0D      	MOVWF       R13, 0
L_main35:
0x035C	0x2E0D      	DECFSZ      R13, 1, 0
0x035E	0xD7FE      	BRA         L_main35
0x0360	0x2E0C      	DECFSZ      R12, 1, 0
0x0362	0xD7FC      	BRA         L_main35
0x0364	0x2E0B      	DECFSZ      R11, 1, 0
0x0366	0xD7FA      	BRA         L_main35
0x0368	0x0000      	NOP
0x036A	0x0000      	NOP
;bluetooth.c,105 :: 		if(Button(&PORTB, 0, 1, 0)||Button(&PORTB, 1, 1, 0)||Button(&PORTB, 2, 1, 0)||Button(&PORTC, 0, 1, 0)||Button(&PORTC, 2, 1, 0)||(UART1_Data_Ready() == 1))
0x036C	0x0E81      	MOVLW       PORTB
0x036E	0x6E27      	MOVWF       FARG_Button_port 
0x0370	0x0E0F      	MOVLW       hi_addr(PORTB)
0x0372	0x6E28      	MOVWF       FARG_Button_port+1 
0x0374	0x6A29      	CLRF        FARG_Button_pin 
0x0376	0x0E01      	MOVLW       1
0x0378	0x6E2A      	MOVWF       FARG_Button_time_ms 
0x037A	0x6A2B      	CLRF        FARG_Button_active_state 
0x037C	0xDE59      	RCALL       _Button
0x037E	0x5200      	MOVF        R0, 1 
0x0380	0xE134      	BNZ         L__main57
0x0382	0x0E81      	MOVLW       PORTB
0x0384	0x6E27      	MOVWF       FARG_Button_port 
0x0386	0x0E0F      	MOVLW       hi_addr(PORTB)
0x0388	0x6E28      	MOVWF       FARG_Button_port+1 
0x038A	0x0E01      	MOVLW       1
0x038C	0x6E29      	MOVWF       FARG_Button_pin 
0x038E	0x0E01      	MOVLW       1
0x0390	0x6E2A      	MOVWF       FARG_Button_time_ms 
0x0392	0x6A2B      	CLRF        FARG_Button_active_state 
0x0394	0xDE4D      	RCALL       _Button
0x0396	0x5200      	MOVF        R0, 1 
0x0398	0xE128      	BNZ         L__main57
0x039A	0x0E81      	MOVLW       PORTB
0x039C	0x6E27      	MOVWF       FARG_Button_port 
0x039E	0x0E0F      	MOVLW       hi_addr(PORTB)
0x03A0	0x6E28      	MOVWF       FARG_Button_port+1 
0x03A2	0x0E02      	MOVLW       2
0x03A4	0x6E29      	MOVWF       FARG_Button_pin 
0x03A6	0x0E01      	MOVLW       1
0x03A8	0x6E2A      	MOVWF       FARG_Button_time_ms 
0x03AA	0x6A2B      	CLRF        FARG_Button_active_state 
0x03AC	0xDE41      	RCALL       _Button
0x03AE	0x5200      	MOVF        R0, 1 
0x03B0	0xE11C      	BNZ         L__main57
0x03B2	0x0E82      	MOVLW       PORTC
0x03B4	0x6E27      	MOVWF       FARG_Button_port 
0x03B6	0x0E0F      	MOVLW       hi_addr(PORTC)
0x03B8	0x6E28      	MOVWF       FARG_Button_port+1 
0x03BA	0x6A29      	CLRF        FARG_Button_pin 
0x03BC	0x0E01      	MOVLW       1
0x03BE	0x6E2A      	MOVWF       FARG_Button_time_ms 
0x03C0	0x6A2B      	CLRF        FARG_Button_active_state 
0x03C2	0xDE36      	RCALL       _Button
0x03C4	0x5200      	MOVF        R0, 1 
0x03C6	0xE111      	BNZ         L__main57
0x03C8	0x0E82      	MOVLW       PORTC
0x03CA	0x6E27      	MOVWF       FARG_Button_port 
0x03CC	0x0E0F      	MOVLW       hi_addr(PORTC)
0x03CE	0x6E28      	MOVWF       FARG_Button_port+1 
0x03D0	0x0E02      	MOVLW       2
0x03D2	0x6E29      	MOVWF       FARG_Button_pin 
0x03D4	0x0E01      	MOVLW       1
0x03D6	0x6E2A      	MOVWF       FARG_Button_time_ms 
0x03D8	0x6A2B      	CLRF        FARG_Button_active_state 
0x03DA	0xDE2A      	RCALL       _Button
0x03DC	0x5200      	MOVF        R0, 1 
0x03DE	0xE105      	BNZ         L__main57
0x03E0	0xDE99      	RCALL       _UART1_Data_Ready
0x03E2	0x5000      	MOVF        R0, 0 
0x03E4	0x0A01      	XORLW       1
0x03E6	0xE001      	BZ          L__main57
0x03E8	0xD001      	BRA         L_main38
L__main57:
;bluetooth.c,106 :: 		break;   // co tac dong tu nut nhan, thoat vong lap
0x03EA	0xD001      	BRA         L_main33
L_main38:
;bluetooth.c,107 :: 		}
0x03EC	0xD79F      	BRA         L_main32
L_main33:
;bluetooth.c,108 :: 		if(LATD1_bit == 0)  //led chieu mo
0x03EE	0xB28C      	BTFSC       LATD1_bit, BitPos(LATD1_bit+0) 
0x03F0	0xD045      	BRA         L_main39
;bluetooth.c,110 :: 		if(Button(&PORTB, 1, 1, 0)) //close
0x03F2	0x0E81      	MOVLW       PORTB
0x03F4	0x6E27      	MOVWF       FARG_Button_port 
0x03F6	0x0E0F      	MOVLW       hi_addr(PORTB)
0x03F8	0x6E28      	MOVWF       FARG_Button_port+1 
0x03FA	0x0E01      	MOVLW       1
0x03FC	0x6E29      	MOVWF       FARG_Button_pin 
0x03FE	0x0E01      	MOVLW       1
0x0400	0x6E2A      	MOVWF       FARG_Button_time_ms 
0x0402	0x6A2B      	CLRF        FARG_Button_active_state 
0x0404	0xDE15      	RCALL       _Button
0x0406	0x5200      	MOVF        R0, 1 
0x0408	0xE01B      	BZ          L_main40
;bluetooth.c,112 :: 		LATE0_BIT = 1;
0x040A	0x808D      	BSF         LATE0_bit, BitPos(LATE0_bit+0) 
;bluetooth.c,113 :: 		LATD0_bit = 1;
0x040C	0x808C      	BSF         LATD0_bit, BitPos(LATD0_bit+0) 
;bluetooth.c,114 :: 		Transmit = 's';
0x040E	0x0E73      	MOVLW       115
0x0410	0x6E19      	MOVWF       _Transmit 
;bluetooth.c,115 :: 		UART1_Write(Transmit);
0x0412	0x0E73      	MOVLW       115
0x0414	0x6E27      	MOVWF       FARG_UART1_Write_data_ 
0x0416	0xDE43      	RCALL       _UART1_Write
;bluetooth.c,116 :: 		delay_ms(7000);
0x0418	0x0EB2      	MOVLW       178
0x041A	0x6E0B      	MOVWF       R11, 0
0x041C	0x0E8F      	MOVLW       143
0x041E	0x6E0C      	MOVWF       R12, 0
0x0420	0x0E13      	MOVLW       19
0x0422	0x6E0D      	MOVWF       R13, 0
L_main41:
0x0424	0x2E0D      	DECFSZ      R13, 1, 0
0x0426	0xD7FE      	BRA         L_main41
0x0428	0x2E0C      	DECFSZ      R12, 1, 0
0x042A	0xD7FC      	BRA         L_main41
0x042C	0x2E0B      	DECFSZ      R11, 1, 0
0x042E	0xD7FA      	BRA         L_main41
;bluetooth.c,117 :: 		LATD1_BIT = 1;
0x0430	0x828C      	BSF         LATD1_bit, BitPos(LATD1_bit+0) 
;bluetooth.c,118 :: 		Transmit = 'c';
0x0432	0x0E63      	MOVLW       99
0x0434	0x6E19      	MOVWF       _Transmit 
;bluetooth.c,119 :: 		UART1_Write(Transmit);
0x0436	0x0E63      	MOVLW       99
0x0438	0x6E27      	MOVWF       FARG_UART1_Write_data_ 
0x043A	0xDE31      	RCALL       _UART1_Write
;bluetooth.c,120 :: 		LATD0_BIT = 0;
0x043C	0x908C      	BCF         LATD0_bit, BitPos(LATD0_bit+0) 
;bluetooth.c,121 :: 		}
0x043E	0xD01E      	BRA         L_main42
L_main40:
;bluetooth.c,122 :: 		else if(Button(&PORTC, 2, 1, 0))   //closeok
0x0440	0x0E82      	MOVLW       PORTC
0x0442	0x6E27      	MOVWF       FARG_Button_port 
0x0444	0x0E0F      	MOVLW       hi_addr(PORTC)
0x0446	0x6E28      	MOVWF       FARG_Button_port+1 
0x0448	0x0E02      	MOVLW       2
0x044A	0x6E29      	MOVWF       FARG_Button_pin 
0x044C	0x0E01      	MOVLW       1
0x044E	0x6E2A      	MOVWF       FARG_Button_time_ms 
0x0450	0x6A2B      	CLRF        FARG_Button_active_state 
0x0452	0xDDEE      	RCALL       _Button
0x0454	0x5200      	MOVF        R0, 1 
0x0456	0xE012      	BZ          L_main43
;bluetooth.c,124 :: 		LATD0_BIT = 1;
0x0458	0x808C      	BSF         LATD0_bit, BitPos(LATD0_bit+0) 
;bluetooth.c,125 :: 		Transmit = 'w';
0x045A	0x0E77      	MOVLW       119
0x045C	0x6E19      	MOVWF       _Transmit 
;bluetooth.c,126 :: 		UART1_Write(Transmit);
0x045E	0x0E77      	MOVLW       119
0x0460	0x6E27      	MOVWF       FARG_UART1_Write_data_ 
0x0462	0xDE1D      	RCALL       _UART1_Write
;bluetooth.c,127 :: 		delay_ms(7000);
0x0464	0x0EB2      	MOVLW       178
0x0466	0x6E0B      	MOVWF       R11, 0
0x0468	0x0E8F      	MOVLW       143
0x046A	0x6E0C      	MOVWF       R12, 0
0x046C	0x0E13      	MOVLW       19
0x046E	0x6E0D      	MOVWF       R13, 0
L_main44:
0x0470	0x2E0D      	DECFSZ      R13, 1, 0
0x0472	0xD7FE      	BRA         L_main44
0x0474	0x2E0C      	DECFSZ      R12, 1, 0
0x0476	0xD7FC      	BRA         L_main44
0x0478	0x2E0B      	DECFSZ      R11, 1, 0
0x047A	0xD7FA      	BRA         L_main44
;bluetooth.c,128 :: 		}
L_main43:
L_main42:
;bluetooth.c,129 :: 		}
L_main39:
;bluetooth.c,130 :: 		if(Button(&PORTB, 1, 1, 0) && Button(&PORTC, 0, 1, 1) && LATD0_BIT == 1)  //close, closeok, motor
0x047C	0x0E81      	MOVLW       PORTB
0x047E	0x6E27      	MOVWF       FARG_Button_port 
0x0480	0x0E0F      	MOVLW       hi_addr(PORTB)
0x0482	0x6E28      	MOVWF       FARG_Button_port+1 
0x0484	0x0E01      	MOVLW       1
0x0486	0x6E29      	MOVWF       FARG_Button_pin 
0x0488	0x0E01      	MOVLW       1
0x048A	0x6E2A      	MOVWF       FARG_Button_time_ms 
0x048C	0x6A2B      	CLRF        FARG_Button_active_state 
0x048E	0xDDD0      	RCALL       _Button
0x0490	0x5200      	MOVF        R0, 1 
0x0492	0xE022      	BZ          L_main47
0x0494	0x0E82      	MOVLW       PORTC
0x0496	0x6E27      	MOVWF       FARG_Button_port 
0x0498	0x0E0F      	MOVLW       hi_addr(PORTC)
0x049A	0x6E28      	MOVWF       FARG_Button_port+1 
0x049C	0x6A29      	CLRF        FARG_Button_pin 
0x049E	0x0E01      	MOVLW       1
0x04A0	0x6E2A      	MOVWF       FARG_Button_time_ms 
0x04A2	0x0E01      	MOVLW       1
0x04A4	0x6E2B      	MOVWF       FARG_Button_active_state 
0x04A6	0xDDC4      	RCALL       _Button
0x04A8	0x5200      	MOVF        R0, 1 
0x04AA	0xE016      	BZ          L_main47
0x04AC	0xA08C      	BTFSS       LATD0_bit, BitPos(LATD0_bit+0) 
0x04AE	0xD014      	BRA         L_main47
L__main56:
;bluetooth.c,132 :: 		while(Button(&PORTB, 1, 1, 0)){}
L_main48:
0x04B0	0x0E81      	MOVLW       PORTB
0x04B2	0x6E27      	MOVWF       FARG_Button_port 
0x04B4	0x0E0F      	MOVLW       hi_addr(PORTB)
0x04B6	0x6E28      	MOVWF       FARG_Button_port+1 
0x04B8	0x0E01      	MOVLW       1
0x04BA	0x6E29      	MOVWF       FARG_Button_pin 
0x04BC	0x0E01      	MOVLW       1
0x04BE	0x6E2A      	MOVWF       FARG_Button_time_ms 
0x04C0	0x6A2B      	CLRF        FARG_Button_active_state 
0x04C2	0xDDB6      	RCALL       _Button
0x04C4	0x5200      	MOVF        R0, 1 
0x04C6	0xE001      	BZ          L_main49
0x04C8	0xD7F3      	BRA         L_main48
L_main49:
;bluetooth.c,133 :: 		LATD1_BIT = 1;
0x04CA	0x828C      	BSF         LATD1_bit, BitPos(LATD1_bit+0) 
;bluetooth.c,134 :: 		LATD0_BIT = 0;
0x04CC	0x908C      	BCF         LATD0_bit, BitPos(LATD0_bit+0) 
;bluetooth.c,135 :: 		Transmit = 'c';
0x04CE	0x0E63      	MOVLW       99
0x04D0	0x6E19      	MOVWF       _Transmit 
;bluetooth.c,136 :: 		UART1_Write(Transmit);
0x04D2	0x0E63      	MOVLW       99
0x04D4	0x6E27      	MOVWF       FARG_UART1_Write_data_ 
0x04D6	0xDDE3      	RCALL       _UART1_Write
;bluetooth.c,137 :: 		}
L_main47:
;bluetooth.c,138 :: 		if(LATD1_bit == 1) //chieu dong
0x04D8	0xA28C      	BTFSS       LATD1_bit, BitPos(LATD1_bit+0) 
0x04DA	0xD044      	BRA         L_main50
;bluetooth.c,140 :: 		if(Button(&PORTB, 0, 1, 0))  //open
0x04DC	0x0E81      	MOVLW       PORTB
0x04DE	0x6E27      	MOVWF       FARG_Button_port 
0x04E0	0x0E0F      	MOVLW       hi_addr(PORTB)
0x04E2	0x6E28      	MOVWF       FARG_Button_port+1 
0x04E4	0x6A29      	CLRF        FARG_Button_pin 
0x04E6	0x0E01      	MOVLW       1
0x04E8	0x6E2A      	MOVWF       FARG_Button_time_ms 
0x04EA	0x6A2B      	CLRF        FARG_Button_active_state 
0x04EC	0xDDA1      	RCALL       _Button
0x04EE	0x5200      	MOVF        R0, 1 
0x04F0	0xE01B      	BZ          L_main51
;bluetooth.c,142 :: 		LATE0_BIT = 1;
0x04F2	0x808D      	BSF         LATE0_bit, BitPos(LATE0_bit+0) 
;bluetooth.c,143 :: 		LATD0_bit = 1;
0x04F4	0x808C      	BSF         LATD0_bit, BitPos(LATD0_bit+0) 
;bluetooth.c,144 :: 		Transmit = 's';
0x04F6	0x0E73      	MOVLW       115
0x04F8	0x6E19      	MOVWF       _Transmit 
;bluetooth.c,145 :: 		UART1_Write(Transmit);   //dung
0x04FA	0x0E73      	MOVLW       115
0x04FC	0x6E27      	MOVWF       FARG_UART1_Write_data_ 
0x04FE	0xDDCF      	RCALL       _UART1_Write
;bluetooth.c,146 :: 		delay_ms(7000);
0x0500	0x0EB2      	MOVLW       178
0x0502	0x6E0B      	MOVWF       R11, 0
0x0504	0x0E8F      	MOVLW       143
0x0506	0x6E0C      	MOVWF       R12, 0
0x0508	0x0E13      	MOVLW       19
0x050A	0x6E0D      	MOVWF       R13, 0
L_main52:
0x050C	0x2E0D      	DECFSZ      R13, 1, 0
0x050E	0xD7FE      	BRA         L_main52
0x0510	0x2E0C      	DECFSZ      R12, 1, 0
0x0512	0xD7FC      	BRA         L_main52
0x0514	0x2E0B      	DECFSZ      R11, 1, 0
0x0516	0xD7FA      	BRA         L_main52
;bluetooth.c,147 :: 		LATD1_BIT = 0;
0x0518	0x928C      	BCF         LATD1_bit, BitPos(LATD1_bit+0) 
;bluetooth.c,148 :: 		LATD0_BIT = 0;
0x051A	0x908C      	BCF         LATD0_bit, BitPos(LATD0_bit+0) 
;bluetooth.c,149 :: 		Transmit = 'o';
0x051C	0x0E6F      	MOVLW       111
0x051E	0x6E19      	MOVWF       _Transmit 
;bluetooth.c,150 :: 		UART1_Write(Transmit);
0x0520	0x0E6F      	MOVLW       111
0x0522	0x6E27      	MOVWF       FARG_UART1_Write_data_ 
0x0524	0xDDBC      	RCALL       _UART1_Write
;bluetooth.c,151 :: 		}
0x0526	0xD01E      	BRA         L_main53
L_main51:
;bluetooth.c,152 :: 		else if(Button(&PORTC, 0, 1, 0))  //openok
0x0528	0x0E82      	MOVLW       PORTC
0x052A	0x6E27      	MOVWF       FARG_Button_port 
0x052C	0x0E0F      	MOVLW       hi_addr(PORTC)
0x052E	0x6E28      	MOVWF       FARG_Button_port+1 
0x0530	0x6A29      	CLRF        FARG_Button_pin 
0x0532	0x0E01      	MOVLW       1
0x0534	0x6E2A      	MOVWF       FARG_Button_time_ms 
0x0536	0x6A2B      	CLRF        FARG_Button_active_state 
0x0538	0xDD7B      	RCALL       _Button
0x053A	0x5200      	MOVF        R0, 1 
0x053C	0xE013      	BZ          L_main54
;bluetooth.c,154 :: 		LATE0_BIT = 1;
0x053E	0x808D      	BSF         LATE0_bit, BitPos(LATE0_bit+0) 
;bluetooth.c,155 :: 		LATD0_BIT = 1;
0x0540	0x808C      	BSF         LATD0_bit, BitPos(LATD0_bit+0) 
;bluetooth.c,156 :: 		Transmit = 'q';
0x0542	0x0E71      	MOVLW       113
0x0544	0x6E19      	MOVWF       _Transmit 
;bluetooth.c,157 :: 		UART1_Write(Transmit);
0x0546	0x0E71      	MOVLW       113
0x0548	0x6E27      	MOVWF       FARG_UART1_Write_data_ 
0x054A	0xDDA9      	RCALL       _UART1_Write
;bluetooth.c,158 :: 		delay_ms(7000);
0x054C	0x0EB2      	MOVLW       178
0x054E	0x6E0B      	MOVWF       R11, 0
0x0550	0x0E8F      	MOVLW       143
0x0552	0x6E0C      	MOVWF       R12, 0
0x0554	0x0E13      	MOVLW       19
0x0556	0x6E0D      	MOVWF       R13, 0
L_main55:
0x0558	0x2E0D      	DECFSZ      R13, 1, 0
0x055A	0xD7FE      	BRA         L_main55
0x055C	0x2E0C      	DECFSZ      R12, 1, 0
0x055E	0xD7FC      	BRA         L_main55
0x0560	0x2E0B      	DECFSZ      R11, 1, 0
0x0562	0xD7FA      	BRA         L_main55
;bluetooth.c,159 :: 		}
L_main54:
L_main53:
;bluetooth.c,160 :: 		}
L_main50:
;bluetooth.c,161 :: 		}
0x0564	0xD605      	BRA         L_main1
;bluetooth.c,162 :: 		}
L_end_main:
0x0566	0xD7FF      	BRA         $+0
; end of _main
Symbol List:
//** Routines locations **
//ADDRESS    SIZE    PROCEDURE
//----------------------------------------------
0x001C      [20]    _Delay_500us
0x0030     [110]    _Button
0x009E      [14]    _UART1_Write
0x00AC      [18]    _UART1_Read
0x00BE      [86]    _UART1_Init
0x0114      [10]    _UART1_Data_Ready
0x011E    [1098]    _main
//** Variables locations ** 
//ADDRESS    SIZE    VARIABLE
//----------------------------------------------
0x0000       [1]    UART1_Init_tmp_L0
0x0000       [1]    R0
0x0001       [1]    UART1_Read___tmp_UART1_Read_L0
0x0001       [1]    R1
0x0002       [1]    R2
0x0003       [1]    R3
0x0004       [1]    R4
0x0005       [1]    R5
0x0006       [1]    R6
0x0007       [1]    R7
0x0008       [1]    R8
0x0009       [1]    R9
0x000A       [1]    R10
0x000B       [1]    R11
0x000C       [1]    R12
0x000D       [1]    R13
0x000E       [1]    R14
0x000F       [1]    R15
0x0010       [1]    R16
0x0011       [1]    R17
0x0012       [1]    R18
0x0013       [1]    R19
0x0014       [1]    R20
0x0015       [4]    _UART_Wr_Ptr
0x0019       [1]    _Transmit
0x001A       [1]    _Receive
0x001B       [4]    _UART_Tx_Idle_Ptr
0x001F       [4]    _UART_Rdy_Ptr
0x0023       [4]    _UART_Rd_Ptr
0x0027       [2]    FARG_Button_port
0x0027       [1]    FARG_UART1_Write_data_
0x0029       [1]    FARG_Button_pin
0x002A       [1]    FARG_Button_time_ms
0x002B       [1]    FARG_Button_active_state
0x002C       [1]    Button_pMask_L0
0x002D       [1]    Button_rslt_L0
0x0F81       [1]    PORTB
0x0F82       [1]    PORTC
0x0F83       [1]    PORTD
0x0F84       [1]    PORTE
0x0F8A       [1]    LATB
0x0F8B       [1]    LATC
0x0F8C       [1]    LATD
0x0F8C       [0]    LATD0_bit
0x0F8C       [0]    LATD1_bit
0x0F8D       [0]    LATE0_bit
0x0F8D       [1]    LATE
0x0F93       [1]    TRISB
0x0F94       [0]    TRISC6_bit
0x0F94       [0]    TRISC7_bit
0x0F94       [1]    TRISC
0x0F95       [1]    TRISD
0x0F96       [1]    TRISE
0x0F9E       [1]    PIR1
0x0FAB       [1]    RCSTA
0x0FAC       [1]    TXSTA
0x0FAD       [1]    TXREG
0x0FAE       [1]    RCREG
0x0FAF       [1]    SPBRG
0x0FB0       [1]    SPBRGH
0x0FB4       [1]    CMCON
0x0FB8       [1]    BAUDCON
0x0FC1       [1]    ADCON1
0x0FD8       [1]    STATUS
0x0FD9       [1]    FSR2L
0x0FDA       [1]    FSR2H
0x0FDE       [1]    POSTINC2
0x0FE0       [1]    BSR
0x0FE1       [1]    FSR1L
0x0FE2       [1]    FSR1H
0x0FE4       [1]    PREINC1
0x0FE6       [1]    POSTINC1
0x0FE7       [1]    INDF1
0x0FE8       [1]    WREG
0x0FE9       [1]    FSR0L
0x0FEA       [1]    FSR0H
0x0FEE       [1]    POSTINC0
0x0FF3       [1]    PRODL
0x0FF4       [1]    PRODH
0x0FF5       [1]    TABLAT
0x0FF6       [1]    TBLPTRL
0x0FF7       [1]    TBLPTRH
0x0FF8       [1]    TBLPTRU
